        -:    0:Source:TestPFD.c++
        -:    0:Graph:TestPFD.gcno
        -:    0:Data:TestPFD.gcda
        -:    0:Runs:1
        -:    0:Programs:1
        -:    1:// --------
        -:    2:// includes
        -:    3:// --------
        -:    4:
        -:    5:#include <iostream> // cout, endl
        -:    6:#include <sstream>  // istringtstream, ostringstream
        -:    7:#include <string>   // string
        -:    8:#include <utility>  // pair
        -:    9:
        -:   10:#include "gtest/gtest.h"
        -:   11:
        -:   12:#include "PFD.h"
        -:   13:
        -:   14:using namespace std;
        -:   15:
        -:   16:// -----------
        -:   17:// TestPFD
        -:   18:// -----------
        -:   19:
        -:   20:// ----
        -:   21:// read_first
        -:   22:// ----
        -:   23:
function _ZN26PFDFixture_read_first_TestD0Ev called 1 returned 100% blocks executed 100%
function _ZN26PFDFixture_read_first_TestD2Ev called 1 returned 100% blocks executed 75%
function _ZN26PFDFixture_read_first_Test8TestBodyEv called 1 returned 100% blocks executed 46%
function _ZN26PFDFixture_read_first_TestC2Ev called 1 returned 100% blocks executed 100%
        5:   24:TEST(PFDFixture, read_first) {
call    0 returned 100%
call    1 returned 100%
call    2 returned 100%
call    3 returned 100%
call    4 returned 100%
call    5 returned 100%
call    6 returned 100%
branch  7 taken 0% (fallthrough)
branch  8 taken 100%
call    9 never executed
call   10 returned 100%
        1:   25:    string s("5 4\n");
call    0 returned 100%
call    1 returned 100%
branch  2 taken 100% (fallthrough)
branch  3 taken 0% (throw)
call    4 returned 100%
        1:   26:    const int p = pfd_read_first(s);
call    0 returned 100%
branch  1 taken 100% (fallthrough)
branch  2 taken 0% (throw)
        1:   27:    ASSERT_EQ( 4, p);}
call    0 returned 100%
branch  1 taken 100% (fallthrough)
branch  2 taken 0% (throw)
call    3 returned 100%
branch  4 taken 0% (fallthrough)
branch  5 taken 100%
call    6 never executed
branch  7 never executed
branch  8 never executed
call    9 never executed
branch 10 never executed
branch 11 never executed
call   12 never executed
branch 13 never executed
branch 14 never executed
call   15 never executed
branch 16 never executed
branch 17 never executed
call   18 never executed
call   19 never executed
call   20 returned 100%
branch 21 taken 100%
branch 22 taken 0%
call   23 returned 100%
branch 24 taken 100%
branch 25 taken 0%
call   26 never executed
call   27 never executed
call   28 never executed
call   29 never executed
call   30 never executed
        -:   28:
function _ZN27PFDFixture_read_first2_TestD0Ev called 1 returned 100% blocks executed 100%
function _ZN27PFDFixture_read_first2_TestD2Ev called 1 returned 100% blocks executed 75%
function _ZN27PFDFixture_read_first2_Test8TestBodyEv called 1 returned 100% blocks executed 46%
function _ZN27PFDFixture_read_first2_TestC2Ev called 1 returned 100% blocks executed 100%
        5:   29:TEST(PFDFixture, read_first2) {
call    0 returned 100%
call    1 returned 100%
call    2 returned 100%
call    3 returned 100%
call    4 returned 100%
call    5 returned 100%
call    6 returned 100%
branch  7 taken 0% (fallthrough)
branch  8 taken 100%
call    9 never executed
call   10 returned 100%
        1:   30:    string s("100 200\n");
call    0 returned 100%
call    1 returned 100%
branch  2 taken 100% (fallthrough)
branch  3 taken 0% (throw)
call    4 returned 100%
        1:   31:    const int p = pfd_read_first(s);
call    0 returned 100%
branch  1 taken 100% (fallthrough)
branch  2 taken 0% (throw)
        1:   32:    ASSERT_EQ(200, p);}
call    0 returned 100%
branch  1 taken 100% (fallthrough)
branch  2 taken 0% (throw)
call    3 returned 100%
branch  4 taken 0% (fallthrough)
branch  5 taken 100%
call    6 never executed
branch  7 never executed
branch  8 never executed
call    9 never executed
branch 10 never executed
branch 11 never executed
call   12 never executed
branch 13 never executed
branch 14 never executed
call   15 never executed
branch 16 never executed
branch 17 never executed
call   18 never executed
call   19 never executed
call   20 returned 100%
branch 21 taken 100%
branch 22 taken 0%
call   23 returned 100%
branch 24 taken 100%
branch 25 taken 0%
call   26 never executed
call   27 never executed
call   28 never executed
call   29 never executed
call   30 never executed
        -:   33:
function _ZN27PFDFixture_read_first3_TestD0Ev called 1 returned 100% blocks executed 100%
function _ZN27PFDFixture_read_first3_TestD2Ev called 1 returned 100% blocks executed 75%
function _ZN27PFDFixture_read_first3_Test8TestBodyEv called 1 returned 100% blocks executed 46%
function _ZN27PFDFixture_read_first3_TestC2Ev called 1 returned 100% blocks executed 100%
        5:   34:TEST(PFDFixture, read_first3) {
call    0 returned 100%
call    1 returned 100%
call    2 returned 100%
call    3 returned 100%
call    4 returned 100%
call    5 returned 100%
call    6 returned 100%
branch  7 taken 0% (fallthrough)
branch  8 taken 100%
call    9 never executed
call   10 returned 100%
        1:   35:    string s("201 210\n");
call    0 returned 100%
call    1 returned 100%
branch  2 taken 100% (fallthrough)
branch  3 taken 0% (throw)
call    4 returned 100%
        1:   36:    const int p = pfd_read_first(s);
call    0 returned 100%
branch  1 taken 100% (fallthrough)
branch  2 taken 0% (throw)
        1:   37:    ASSERT_EQ(210, p);}
call    0 returned 100%
branch  1 taken 100% (fallthrough)
branch  2 taken 0% (throw)
call    3 returned 100%
branch  4 taken 0% (fallthrough)
branch  5 taken 100%
call    6 never executed
branch  7 never executed
branch  8 never executed
call    9 never executed
branch 10 never executed
branch 11 never executed
call   12 never executed
branch 13 never executed
branch 14 never executed
call   15 never executed
branch 16 never executed
branch 17 never executed
call   18 never executed
call   19 never executed
call   20 returned 100%
branch 21 taken 100%
branch 22 taken 0%
call   23 returned 100%
branch 24 taken 100%
branch 25 taken 0%
call   26 never executed
call   27 never executed
call   28 never executed
call   29 never executed
call   30 never executed
        -:   38:
function _ZN27PFDFixture_read_first4_TestD0Ev called 1 returned 100% blocks executed 100%
function _ZN27PFDFixture_read_first4_TestD2Ev called 1 returned 100% blocks executed 75%
function _ZN27PFDFixture_read_first4_Test8TestBodyEv called 1 returned 100% blocks executed 46%
function _ZN27PFDFixture_read_first4_TestC2Ev called 1 returned 100% blocks executed 100%
        5:   39:TEST(PFDFixture, read_first4)   {
call    0 returned 100%
call    1 returned 100%
call    2 returned 100%
call    3 returned 100%
call    4 returned 100%
call    5 returned 100%
call    6 returned 100%
branch  7 taken 0% (fallthrough)
branch  8 taken 100%
call    9 never executed
call   10 returned 100%
        1:   40:    string s("1 999999\n");
call    0 returned 100%
call    1 returned 100%
branch  2 taken 100% (fallthrough)
branch  3 taken 0% (throw)
call    4 returned 100%
        1:   41:    const int p = pfd_read_first(s);
call    0 returned 100%
branch  1 taken 100% (fallthrough)
branch  2 taken 0% (throw)
        1:   42:    ASSERT_EQ(999999, p);}
call    0 returned 100%
branch  1 taken 100% (fallthrough)
branch  2 taken 0% (throw)
call    3 returned 100%
branch  4 taken 0% (fallthrough)
branch  5 taken 100%
call    6 never executed
branch  7 never executed
branch  8 never executed
call    9 never executed
branch 10 never executed
branch 11 never executed
call   12 never executed
branch 13 never executed
branch 14 never executed
call   15 never executed
branch 16 never executed
branch 17 never executed
call   18 never executed
call   19 never executed
call   20 returned 100%
branch 21 taken 100%
branch 22 taken 0%
call   23 returned 100%
branch 24 taken 100%
branch 25 taken 0%
call   26 never executed
call   27 never executed
call   28 never executed
call   29 never executed
call   30 never executed
        -:   43:
        -:   44:// ----
        -:   45:// read_rest
        -:   46:// ----
        -:   47:
function _ZN25PFDFixture_read_rest_TestD0Ev called 1 returned 100% blocks executed 100%
function _ZN25PFDFixture_read_rest_TestD2Ev called 1 returned 100% blocks executed 75%
function _ZN25PFDFixture_read_rest_Test8TestBodyEv called 1 returned 100% blocks executed 51%
function _ZN25PFDFixture_read_rest_TestC2Ev called 1 returned 100% blocks executed 100%
        5:   48:TEST(PFDFixture, read_rest) {
call    0 returned 100%
call    1 returned 100%
call    2 returned 100%
call    3 returned 100%
call    4 returned 100%
call    5 returned 100%
call    6 returned 100%
branch  7 taken 0% (fallthrough)
branch  8 taken 100%
call    9 never executed
call   10 returned 100%
        1:   49:    string s("3 2 1 5\n");
call    0 returned 100%
call    1 returned 100%
branch  2 taken 100% (fallthrough)
branch  3 taken 0% (throw)
call    4 returned 100%
call    5 never executed
        2:   50:    list<int> q = {3, 2, 1, 5};
call    0 returned 100%
call    1 returned 100%
branch  2 taken 100% (fallthrough)
branch  3 taken 0% (throw)
call    4 returned 100%
call    5 returned 100%
branch  6 taken 100%
branch  7 taken 0%
call    8 never executed
        2:   51:    const list<int> p = pfd_read_rest(s);
call    0 returned 100%
branch  1 taken 100% (fallthrough)
branch  2 taken 0% (throw)
call    3 returned 100%
branch  4 taken 100%
branch  5 taken 0%
call    6 never executed
        2:   52:    ASSERT_TRUE(equal(q.begin(), q.end(), p.begin()));}
call    0 returned 100%
call    1 returned 100%
call    2 returned 100%
call    3 returned 100%
branch  4 taken 100% (fallthrough)
branch  5 taken 0% (throw)
call    6 returned 100%
branch  7 taken 100% (fallthrough)
branch  8 taken 0% (throw)
call    9 returned 100%
branch 10 taken 0% (fallthrough)
branch 11 taken 100%
call   12 never executed
branch 13 never executed
branch 14 never executed
call   15 never executed
branch 16 never executed
branch 17 never executed
call   18 never executed
call   19 never executed
branch 20 never executed
branch 21 never executed
call   22 never executed
branch 23 never executed
branch 24 never executed
call   25 never executed
call   26 never executed
call   27 never executed
call   28 returned 100%
branch 29 taken 100%
branch 30 taken 0%
call   31 returned 100%
branch 32 taken 100%
branch 33 taken 0%
call   34 never executed
call   35 never executed
call   36 never executed
call   37 never executed
call   38 never executed
call   39 never executed
        -:   53:
function _ZN26PFDFixture_read_rest2_TestD0Ev called 1 returned 100% blocks executed 100%
function _ZN26PFDFixture_read_rest2_TestD2Ev called 1 returned 100% blocks executed 75%
function _ZN26PFDFixture_read_rest2_Test8TestBodyEv called 1 returned 100% blocks executed 51%
function _ZN26PFDFixture_read_rest2_TestC2Ev called 1 returned 100% blocks executed 100%
        5:   54:TEST(PFDFixture, read_rest2) {
call    0 returned 100%
call    1 returned 100%
call    2 returned 100%
call    3 returned 100%
call    4 returned 100%
call    5 returned 100%
call    6 returned 100%
branch  7 taken 0% (fallthrough)
branch  8 taken 100%
call    9 never executed
call   10 returned 100%
        1:   55:    string s("2 2 5 3\n");
call    0 returned 100%
call    1 returned 100%
branch  2 taken 100% (fallthrough)
branch  3 taken 0% (throw)
call    4 returned 100%
call    5 never executed
        2:   56:    list<int> q = {2, 2, 5, 3};
call    0 returned 100%
call    1 returned 100%
branch  2 taken 100% (fallthrough)
branch  3 taken 0% (throw)
call    4 returned 100%
call    5 returned 100%
branch  6 taken 100%
branch  7 taken 0%
call    8 never executed
        2:   57:    const list<int> p = pfd_read_rest(s);
call    0 returned 100%
branch  1 taken 100% (fallthrough)
branch  2 taken 0% (throw)
call    3 returned 100%
branch  4 taken 100%
branch  5 taken 0%
call    6 never executed
        2:   58:    ASSERT_TRUE(equal(q.begin(), q.end(), p.begin()));}
call    0 returned 100%
call    1 returned 100%
call    2 returned 100%
call    3 returned 100%
branch  4 taken 100% (fallthrough)
branch  5 taken 0% (throw)
call    6 returned 100%
branch  7 taken 100% (fallthrough)
branch  8 taken 0% (throw)
call    9 returned 100%
branch 10 taken 0% (fallthrough)
branch 11 taken 100%
call   12 never executed
branch 13 never executed
branch 14 never executed
call   15 never executed
branch 16 never executed
branch 17 never executed
call   18 never executed
call   19 never executed
branch 20 never executed
branch 21 never executed
call   22 never executed
branch 23 never executed
branch 24 never executed
call   25 never executed
call   26 never executed
call   27 never executed
call   28 returned 100%
branch 29 taken 100%
branch 30 taken 0%
call   31 returned 100%
branch 32 taken 100%
branch 33 taken 0%
call   34 never executed
call   35 never executed
call   36 never executed
call   37 never executed
call   38 never executed
call   39 never executed
        -:   59:
        -:   60:
function _ZN26PFDFixture_read_rest3_TestD0Ev called 1 returned 100% blocks executed 100%
function _ZN26PFDFixture_read_rest3_TestD2Ev called 1 returned 100% blocks executed 75%
function _ZN26PFDFixture_read_rest3_Test8TestBodyEv called 1 returned 100% blocks executed 51%
function _ZN26PFDFixture_read_rest3_TestC2Ev called 1 returned 100% blocks executed 100%
        5:   61:TEST(PFDFixture, read_rest3) {
call    0 returned 100%
call    1 returned 100%
call    2 returned 100%
call    3 returned 100%
call    4 returned 100%
call    5 returned 100%
call    6 returned 100%
branch  7 taken 0% (fallthrough)
branch  8 taken 100%
call    9 never executed
call   10 returned 100%
        1:   62:    string s("4 1 3\n");
call    0 returned 100%
call    1 returned 100%
branch  2 taken 100% (fallthrough)
branch  3 taken 0% (throw)
call    4 returned 100%
call    5 never executed
        2:   63:    list<int> q = {4, 1, 3};
call    0 returned 100%
call    1 returned 100%
branch  2 taken 100% (fallthrough)
branch  3 taken 0% (throw)
call    4 returned 100%
call    5 returned 100%
branch  6 taken 100%
branch  7 taken 0%
call    8 never executed
        2:   64:    const list<int> p = pfd_read_rest(s);
call    0 returned 100%
branch  1 taken 100% (fallthrough)
branch  2 taken 0% (throw)
call    3 returned 100%
branch  4 taken 100%
branch  5 taken 0%
call    6 never executed
        2:   65:    ASSERT_TRUE(equal(q.begin(), q.end(), p.begin()));}
call    0 returned 100%
call    1 returned 100%
call    2 returned 100%
call    3 returned 100%
branch  4 taken 100% (fallthrough)
branch  5 taken 0% (throw)
call    6 returned 100%
branch  7 taken 100% (fallthrough)
branch  8 taken 0% (throw)
call    9 returned 100%
branch 10 taken 0% (fallthrough)
branch 11 taken 100%
call   12 never executed
branch 13 never executed
branch 14 never executed
call   15 never executed
branch 16 never executed
branch 17 never executed
call   18 never executed
call   19 never executed
branch 20 never executed
branch 21 never executed
call   22 never executed
branch 23 never executed
branch 24 never executed
call   25 never executed
call   26 never executed
call   27 never executed
call   28 returned 100%
branch 29 taken 100%
branch 30 taken 0%
call   31 returned 100%
branch 32 taken 100%
branch 33 taken 0%
call   34 never executed
call   35 never executed
call   36 never executed
call   37 never executed
call   38 never executed
call   39 never executed
        -:   66:
        -:   67:
function _ZN26PFDFixture_read_rest4_TestD0Ev called 1 returned 100% blocks executed 100%
function _ZN26PFDFixture_read_rest4_TestD2Ev called 1 returned 100% blocks executed 75%
function _ZN26PFDFixture_read_rest4_Test8TestBodyEv called 1 returned 100% blocks executed 51%
function _ZN26PFDFixture_read_rest4_TestC2Ev called 1 returned 100% blocks executed 100%
        5:   68:TEST(PFDFixture, read_rest4)   {
call    0 returned 100%
call    1 returned 100%
call    2 returned 100%
call    3 returned 100%
call    4 returned 100%
call    5 returned 100%
call    6 returned 100%
branch  7 taken 0% (fallthrough)
branch  8 taken 100%
call    9 never executed
call   10 returned 100%
        1:   69:    string s("5 1 1\n");
call    0 returned 100%
call    1 returned 100%
branch  2 taken 100% (fallthrough)
branch  3 taken 0% (throw)
call    4 returned 100%
call    5 never executed
        2:   70:    list<int> q = {5, 1, 1};
call    0 returned 100%
call    1 returned 100%
branch  2 taken 100% (fallthrough)
branch  3 taken 0% (throw)
call    4 returned 100%
call    5 returned 100%
branch  6 taken 100%
branch  7 taken 0%
call    8 never executed
        2:   71:    const list<int> p = pfd_read_rest(s);
call    0 returned 100%
branch  1 taken 100% (fallthrough)
branch  2 taken 0% (throw)
call    3 returned 100%
branch  4 taken 100%
branch  5 taken 0%
call    6 never executed
        2:   72:    ASSERT_TRUE(equal(q.begin(), q.end(), p.begin()));}
call    0 returned 100%
call    1 returned 100%
call    2 returned 100%
call    3 returned 100%
branch  4 taken 100% (fallthrough)
branch  5 taken 0% (throw)
call    6 returned 100%
branch  7 taken 100% (fallthrough)
branch  8 taken 0% (throw)
call    9 returned 100%
branch 10 taken 0% (fallthrough)
branch 11 taken 100%
call   12 never executed
branch 13 never executed
branch 14 never executed
call   15 never executed
branch 16 never executed
branch 17 never executed
call   18 never executed
call   19 never executed
branch 20 never executed
branch 21 never executed
call   22 never executed
branch 23 never executed
branch 24 never executed
call   25 never executed
call   26 never executed
call   27 never executed
call   28 returned 100%
branch 29 taken 100%
branch 30 taken 0%
call   31 returned 100%
branch 32 taken 100%
branch 33 taken 0%
call   34 never executed
call   35 never executed
call   36 never executed
call   37 never executed
call   38 never executed
call   39 never executed
        -:   73:
        -:   74:
        -:   75://-------
        -:   76:// build_adj_list
        -:   77://----------
function _ZN25PFDFixture_build_adj_TestD0Ev called 1 returned 100% blocks executed 100%
function _ZN25PFDFixture_build_adj_TestD2Ev called 1 returned 100% blocks executed 75%
function _ZN25PFDFixture_build_adj_Test8TestBodyEv called 1 returned 100% blocks executed 47%
function _ZN25PFDFixture_build_adj_TestC2Ev called 1 returned 100% blocks executed 100%
        5:   78:TEST(PFDFixture, build_adj) {
call    0 returned 100%
call    1 returned 100%
call    2 returned 100%
call    3 returned 100%
call    4 returned 100%
call    5 returned 100%
call    6 returned 100%
branch  7 taken 0% (fallthrough)
branch  8 taken 100%
call    9 never executed
call   10 returned 100%
        1:   79:    list<int> q = {3, 2, 1, 5};
call    0 returned 100%
call    1 returned 100%
branch  2 taken 100% (fallthrough)
branch  3 taken 0% (throw)
call    4 returned 100%
        1:   80:    const int p = build_adj_list(q);
call    0 returned 100%
branch  1 taken 100% (fallthrough)
branch  2 taken 0% (throw)
call    3 returned 100%
branch  4 taken 100% (fallthrough)
branch  5 taken 0% (throw)
call    6 returned 100%
call    7 never executed
        1:   81:    ASSERT_EQ(2, p);}
call    0 returned 100%
branch  1 taken 100% (fallthrough)
branch  2 taken 0% (throw)
call    3 returned 100%
branch  4 taken 0% (fallthrough)
branch  5 taken 100%
call    6 never executed
branch  7 never executed
branch  8 never executed
call    9 never executed
branch 10 never executed
branch 11 never executed
call   12 never executed
branch 13 never executed
branch 14 never executed
call   15 never executed
branch 16 never executed
branch 17 never executed
call   18 never executed
call   19 never executed
call   20 returned 100%
branch 21 taken 100%
branch 22 taken 0%
call   23 returned 100%
branch 24 taken 100%
branch 25 taken 0%
call   26 never executed
call   27 never executed
call   28 never executed
call   29 never executed
call   30 never executed
        -:   82:
function _ZN26PFDFixture_build_adj1_TestD0Ev called 1 returned 100% blocks executed 100%
function _ZN26PFDFixture_build_adj1_TestD2Ev called 1 returned 100% blocks executed 75%
function _ZN26PFDFixture_build_adj1_Test8TestBodyEv called 1 returned 100% blocks executed 47%
function _ZN26PFDFixture_build_adj1_TestC2Ev called 1 returned 100% blocks executed 100%
        5:   83:TEST(PFDFixture, build_adj1) {
call    0 returned 100%
call    1 returned 100%
call    2 returned 100%
call    3 returned 100%
call    4 returned 100%
call    5 returned 100%
call    6 returned 100%
branch  7 taken 0% (fallthrough)
branch  8 taken 100%
call    9 never executed
call   10 returned 100%
        1:   84:    list<int> q = {2, 2, 5, 3};
call    0 returned 100%
call    1 returned 100%
branch  2 taken 100% (fallthrough)
branch  3 taken 0% (throw)
call    4 returned 100%
        1:   85:    const int p = build_adj_list(q);
call    0 returned 100%
branch  1 taken 100% (fallthrough)
branch  2 taken 0% (throw)
call    3 returned 100%
branch  4 taken 100% (fallthrough)
branch  5 taken 0% (throw)
call    6 returned 100%
call    7 never executed
        1:   86:    ASSERT_EQ(2, p);}
call    0 returned 100%
branch  1 taken 100% (fallthrough)
branch  2 taken 0% (throw)
call    3 returned 100%
branch  4 taken 0% (fallthrough)
branch  5 taken 100%
call    6 never executed
branch  7 never executed
branch  8 never executed
call    9 never executed
branch 10 never executed
branch 11 never executed
call   12 never executed
branch 13 never executed
branch 14 never executed
call   15 never executed
branch 16 never executed
branch 17 never executed
call   18 never executed
call   19 never executed
call   20 returned 100%
branch 21 taken 100%
branch 22 taken 0%
call   23 returned 100%
branch 24 taken 100%
branch 25 taken 0%
call   26 never executed
call   27 never executed
call   28 never executed
call   29 never executed
call   30 never executed
        -:   87:
function _ZN26PFDFixture_build_adj2_TestD0Ev called 1 returned 100% blocks executed 100%
function _ZN26PFDFixture_build_adj2_TestD2Ev called 1 returned 100% blocks executed 75%
function _ZN26PFDFixture_build_adj2_Test8TestBodyEv called 1 returned 100% blocks executed 47%
function _ZN26PFDFixture_build_adj2_TestC2Ev called 1 returned 100% blocks executed 100%
        5:   88:TEST(PFDFixture, build_adj2) {
call    0 returned 100%
call    1 returned 100%
call    2 returned 100%
call    3 returned 100%
call    4 returned 100%
call    5 returned 100%
call    6 returned 100%
branch  7 taken 0% (fallthrough)
branch  8 taken 100%
call    9 never executed
call   10 returned 100%
        1:   89:    list<int> q = {4, 1, 3};
call    0 returned 100%
call    1 returned 100%
branch  2 taken 100% (fallthrough)
branch  3 taken 0% (throw)
call    4 returned 100%
        1:   90:    const int p = build_adj_list(q);
call    0 returned 100%
branch  1 taken 100% (fallthrough)
branch  2 taken 0% (throw)
call    3 returned 100%
branch  4 taken 100% (fallthrough)
branch  5 taken 0% (throw)
call    6 returned 100%
call    7 never executed
        1:   91:    ASSERT_EQ(1, p);}
call    0 returned 100%
branch  1 taken 100% (fallthrough)
branch  2 taken 0% (throw)
call    3 returned 100%
branch  4 taken 0% (fallthrough)
branch  5 taken 100%
call    6 never executed
branch  7 never executed
branch  8 never executed
call    9 never executed
branch 10 never executed
branch 11 never executed
call   12 never executed
branch 13 never executed
branch 14 never executed
call   15 never executed
branch 16 never executed
branch 17 never executed
call   18 never executed
call   19 never executed
call   20 returned 100%
branch 21 taken 100%
branch 22 taken 0%
call   23 returned 100%
branch 24 taken 100%
branch 25 taken 0%
call   26 never executed
call   27 never executed
call   28 never executed
call   29 never executed
call   30 never executed
        -:   92:
function _ZN26PFDFixture_build_adj3_TestD0Ev called 1 returned 100% blocks executed 100%
function _ZN26PFDFixture_build_adj3_TestD2Ev called 1 returned 100% blocks executed 75%
function _ZN26PFDFixture_build_adj3_Test8TestBodyEv called 1 returned 100% blocks executed 47%
function _ZN26PFDFixture_build_adj3_TestC2Ev called 1 returned 100% blocks executed 100%
        5:   93:TEST(PFDFixture, build_adj3)   {
call    0 returned 100%
call    1 returned 100%
call    2 returned 100%
call    3 returned 100%
call    4 returned 100%
call    5 returned 100%
call    6 returned 100%
branch  7 taken 0% (fallthrough)
branch  8 taken 100%
call    9 never executed
call   10 returned 100%
        1:   94:    list<int> q = {5, 1, 1};
call    0 returned 100%
call    1 returned 100%
branch  2 taken 100% (fallthrough)
branch  3 taken 0% (throw)
call    4 returned 100%
        1:   95:    const int p = build_adj_list(q);
call    0 returned 100%
branch  1 taken 100% (fallthrough)
branch  2 taken 0% (throw)
call    3 returned 100%
branch  4 taken 100% (fallthrough)
branch  5 taken 0% (throw)
call    6 returned 100%
call    7 never executed
function _GLOBAL__sub_I__ZN26PFDFixture_read_first_Test10test_info_E called 1 returned 100% blocks executed 100%
function _Z41__static_initialization_and_destruction_0ii called 1 returned 100% blocks executed 100%
        4:   96:    ASSERT_EQ(1, p);} 
call    0 returned 100%
branch  1 taken 100% (fallthrough)
branch  2 taken 0%
branch  3 taken 100% (fallthrough)
branch  4 taken 0%
call    5 returned 100%
branch  6 taken 100% (fallthrough)
branch  7 taken 0% (throw)
call    8 returned 100%
branch  9 taken 0% (fallthrough)
branch 10 taken 100%
call   11 never executed
branch 12 never executed
branch 13 never executed
call   14 never executed
branch 15 never executed
branch 16 never executed
call   17 never executed
branch 18 never executed
branch 19 never executed
call   20 never executed
branch 21 never executed
branch 22 never executed
call   23 never executed
call   24 never executed
call   25 returned 100%
branch 26 taken 100%
branch 27 taken 0%
call   28 returned 100%
branch 29 taken 100%
branch 30 taken 0%
call   31 never executed
call   32 never executed
call   33 never executed
call   34 never executed
call   35 never executed
        -:   97:/*
        -:   98:// ----
        -:   99:// eval
        -:  100:// ----
        -:  101:
        -:  102:TEST(PFDFixture, eval_1) {
        -:  103:    const int v = pfd_eval(1, 10);
        -:  104:    ASSERT_EQ(20, v);}
        -:  105:
        -:  106:TEST(PFDFixture, eval_2) {
        -:  107:    const int v = pfd_eval(100, 200);
        -:  108:    ASSERT_EQ(125, v);}
        -:  109:
        -:  110:TEST(PFDFixture, eval_3) {
        -:  111:    const int v = pfd_eval(201, 210);
        -:  112:    ASSERT_EQ(89, v);}
        -:  113:
        -:  114:TEST(PFDFixture, eval_4) {
        -:  115:    const int v = pfd_eval(900, 1000);
        -:  116:    ASSERT_EQ(174, v);}
        -:  117:
        -:  118:TEST(PFDFixture, eval_5) {
        -:  119:    const int v = pfd_eval(1, 1);
        -:  120:    ASSERT_EQ(1, v);}
        -:  121:
        -:  122:TEST(PFDFixture, eval_6) {
        -:  123:    const int v = pfd_eval(200, 100);
        -:  124:    ASSERT_EQ(125, v);}
        -:  125:
        -:  126:TEST(PFDFixture, eval_7) {
        -:  127:    const int v = pfd_eval(10, 11);
        -:  128:    ASSERT_EQ(15, v);}
        -:  129:// -----
        -:  130:// print
        -:  131:// -----
        -:  132:
        -:  133:TEST(PFDFixture, print) {
        -:  134:    ostringstream w;
        -:  135:    pfd_print(w, 1, 10, 20);
        -:  136:    ASSERT_EQ("1 10 20\n", w.str());}
        -:  137:
        -:  138:TEST(PFDFixture, print2) {
        -:  139:    ostringstream w;
        -:  140:    pfd_print(w, 100, 200, 125);
        -:  141:    ASSERT_EQ("100 200 125\n", w.str());}
        -:  142:
        -:  143:TEST(PFDFixture, print3) {
        -:  144:    ostringstream w;
        -:  145:    pfd_print(w, 201, 210, 89);
        -:  146:    ASSERT_EQ("201 210 89\n", w.str());}
        -:  147:
        -:  148:TEST(PFDFixture, print4) {
        -:  149:    ostringstream w;
        -:  150:    pfd_print(w, 900, 1000, 174);}
        -:  151:     
        -:  152:// -----
        -:  153:// solve
        -:  154:// -----
        -:  155:
        -:  156:TEST(PFDFixture, solve) {
        -:  157:    istringstream r("1 10\n100 200\n201 210\n900 1000\n");
        -:  158:    ostringstream w;
        -:  159:    pfd_solve(r, w);
        -:  160:    ASSERT_EQ("1 10 20\n100 200 125\n201 210 89\n900 1000 174\n", w.str());}
        -:  161:
        -:  162:TEST(PFDFixture, solve2) {
        -:  163:    istringstream r("210 201\n");
        -:  164:    ostringstream w;
        -:  165:    pfd_solve(r, w);
        -:  166:    ASSERT_EQ("210 201 89\n", w.str());}
        -:  167:
        -:  168:TEST(PFDFixture, solve3) {
        -:  169:    istringstream r("1 1\n");
        -:  170:    ostringstream w;
        -:  171:    pfd_solve(r, w);
        -:  172:    ASSERT_EQ("1 1 1\n", w.str());}
        -:  173:
        -:  174:TEST(PFDFixture, solve4) {
        -:  175:    istringstream r("1 1\n200 100\n10 11\n1 2\n");
        -:  176:    ostringstream w;
        -:  177:    pfd_solve(r, w);
        -:  178:    ASSERT_EQ("1 1 1\n200 100 125\n10 11 15\n1 2 2\n", w.str());}
        -:  179:
        -:  180:// -----
        -:  181:// cycle length
        -:  182:// -----
        -:  183:
        -:  184:TEST(PFDFixture, cycle_length1) {
        -:  185:    const int c = pfd_cycle_length(1);
        -:  186:    ASSERT_EQ(1, c);}
        -:  187:
        -:  188:
        -:  189:TEST(PFDFixture, cycle_length2) {
        -:  190:    const int c = pfd_cycle_length(5);
        -:  191:    ASSERT_EQ(6, c);}
        -:  192:
        -:  193:TEST(PFDFixture, cycle_length3) {
        -:  194:    const int c = pfd_cycle_length(10);
        -:  195:    ASSERT_EQ(7, c);}
        -:  196:
        -:  197:
        -:  198:TEST(PFDFixture, cycle_length4) {
        -:  199:    const int c = pfd_cycle_length(704);
        -:  200:    ASSERT_EQ(21, c);}
        -:  201:
        -:  202:// -----
        -:  203:// max cycle length
        -:  204:// -----
        -:  205:
        -:  206:TEST(PFDFixture, max_cl1) {
        -:  207:    const int m = pfd_maxcl(1, 10);
        -:  208:    ASSERT_EQ(20, m);}
        -:  209:
        -:  210:
        -:  211:TEST(PFDFixture, max_cl2) {
        -:  212:    const int m = pfd_maxcl(100, 200);
        -:  213:    ASSERT_EQ(125, m);}
        -:  214:
        -:  215:
        -:  216:TEST(PFDFixture, max_cl3) {
        -:  217:    const int m = pfd_maxcl(201, 210);
        -:  218:    ASSERT_EQ(89, m);}
        -:  219:
        -:  220:
        -:  221:TEST(PFDFixture, max_cl4) {
        -:  222:    const int m = pfd_maxcl(900, 1000);
        -:  223:    ASSERT_EQ(174, m);}
        -:  224:
        -:  225:
        -:  226:TEST(PFDFixture, max_cl5) {
        -:  227:    const int m = pfd_maxcl(1, 1);
        -:  228:    ASSERT_EQ(1, m);}
        -:  229:
        -:  230:
        -:  231:TEST(PFDFixture, max_cl6) {
        -:  232:    const int m = pfd_maxcl(10, 11);
        -:  233:    ASSERT_EQ(15, m);}
        -:  234:
        -:  235:
        -:  236:TEST(PFDFixture, max_cl7) {
        -:  237:    const int m = pfd_maxcl(1, 2);
        -:  238:    ASSERT_EQ(2, m);}
        -:  239:*/
        -:  240:/*
        -:  241:% ls -al /usr/include/gtest/
        -:  242:...
        -:  243:gtest.h
        -:  244:...
        -:  245:% locate libgtest.a
        -:  246:/usr/lib/libgtest.a
        -:  247:...
        -:  248:% locate libpthread.a
        -:  249:...
        -:  250:/usr/lib32/libpthread.a
        -:  251:% locate libgtest_main.a
        -:  252:/usr/lib/libgtest_main.a
        -:  253:...
        -:  254:% g++-4.8 -fprofile-arcs -ftest-coverage -pedantic -std=c++11 -Wall PFD.c++ TestPFD.c++ -o TestPFD -lgtest -lgtest_main -lpthread
        -:  255:% valgrind TestPFD        >  TestPFD.out 2>&1
        -:  256:% gcov-4.8 -b PFD.c++     >> TestPFD.out
        -:  257:% gcov-4.8 -b TestPFD.c++ >> TestPFD.out
        -:  258:% cat TestPFD.out
        -:  259:==14225== Memcheck, a memory error detector
        -:  260:==14225== Copyright (C) 2002-2011, and GNU GPL'd, by Julian Seward et al.
        -:  261:==14225== Using Valgrind-3.7.0 and LibVEX; rerun with -h for copyright info
        -:  262:==14225== Command: TestPFD
        -:  263:==14225==
        -:  264:Running main() from gtest_main.cc
        -:  265:[==========] Running 7 tests from 1 test case.
        -:  266:[----------] Global test environment set-up.
        -:  267:[----------] 7 tests from PFD
        -:  268:[ RUN      ] PFD.read
        -:  269:[       OK ] PFD.read (31 ms)
        -:  270:[ RUN      ] PFD.eval_1
        -:  271:[       OK ] PFD.eval_1 (5 ms)
        -:  272:[ RUN      ] PFD.eval_2
        -:  273:[       OK ] PFD.eval_2 (3 ms)
        -:  274:[ RUN      ] PFD.eval_3
        -:  275:[       OK ] PFD.eval_3 (3 ms)
        -:  276:[ RUN      ] PFD.eval_4
        -:  277:[       OK ] PFD.eval_4 (3 ms)
        -:  278:[ RUN      ] PFD.print
        -:  279:[       OK ] PFD.print (17 ms)
        -:  280:[ RUN      ] PFD.solve
        -:  281:[       OK ] PFD.solve (10 ms)
        -:  282:[----------] 7 tests from PFD (88 ms total)
        -:  283:[----------] Global test environment tear-down
        -:  284:[==========] 7 tests from 1 test case ran. (132 ms total)
        -:  285:[  PASSED  ] 7 tests.
        -:  286:==14225==
        -:  287:==14225== HEAP SUMMARY:
        -:  288:==14225==     in use at exit: 0 bytes in 0 blocks
        -:  289:==14225==   total heap usage: 495 allocs, 495 frees, 70,302 bytes allocated
        -:  290:==14225==
        -:  291:==14225== All heap blocks were freed -- no leaks are possible
        -:  292:==14225==
        -:  293:==14225== For counts of detected and suppressed errors, rerun with: -v
        -:  294:==14225== ERROR SUMMARY: 0 errors from 0 contexts (suppressed: 2 from 2)
        -:  295:File 'PFD.c++'
        -:  296:Lines executed:100.00% of 17
        -:  297:Branches executed:100.00% of 18
        -:  298:Taken at least once:61.11% of 18
        -:  299:Calls executed:89.47% of 19
        -:  300:Creating 'PFD.c++.gcov'
        -:  301:...
        -:  302:File 'TestPFD.c++'
        -:  303:Lines executed:100.00% of 26
        -:  304:Branches executed:57.14% of 224
        -:  305:Taken at least once:28.57% of 224
        -:  306:Calls executed:54.07% of 209
        -:  307:Creating 'TestPFD.c++.gcov'
        -:  308:...
        -:  309:*/
